c:\users\bslim\documents\workspace\game\game\x64\debug\vc143.pdb
c:\users\bslim\documents\workspace\game\game\x64\debug\vc143.idb
c:\users\bslim\documents\workspace\game\game\x64\debug\start.obj
c:\users\bslim\documents\workspace\game\game\x64\debug\game_functions.obj
c:\users\bslim\documents\workspace\game\game\x64\debug\background.obj
c:\users\bslim\documents\workspace\game\game\x64\debug\main.obj
c:\users\bslim\documents\workspace\game\game\x64\debug\pick_music.obj
c:\users\bslim\documents\workspace\game\game\x64\debug\game_play.obj
c:\users\bslim\documents\workspace\game\game\x64\debug\musicselection.obj
c:\users\bslim\documents\workspace\game\game\x64\debug\gamescreen.obj
c:\users\bslim\documents\workspace\game\game\x64\debug\keyboardinputhandler.obj
c:\users\bslim\documents\workspace\game\x64\debug\sfml-graphics-d-2.dll
c:\users\bslim\documents\workspace\game\x64\debug\sfml-window-d-2.dll
c:\users\bslim\documents\workspace\game\x64\debug\sfml-system-d-2.dll
c:\users\bslim\documents\workspace\game\x64\debug\freetyped.dll
c:\users\bslim\documents\workspace\game\x64\debug\zlibd1.dll
c:\users\bslim\documents\workspace\game\x64\debug\bz2d.dll
c:\users\bslim\documents\workspace\game\x64\debug\libpng16d.dll
c:\users\bslim\documents\workspace\game\x64\debug\brotlidec.dll
c:\users\bslim\documents\workspace\game\x64\debug\brotlicommon.dll
c:\users\bslim\documents\workspace\game\x64\debug\sfml-audio-d-2.dll
c:\users\bslim\documents\workspace\game\x64\debug\openal32.dll
c:\users\bslim\documents\workspace\game\x64\debug\vorbisenc.dll
c:\users\bslim\documents\workspace\game\x64\debug\vorbis.dll
c:\users\bslim\documents\workspace\game\x64\debug\ogg.dll
c:\users\bslim\documents\workspace\game\x64\debug\vorbisfile.dll
c:\users\bslim\documents\workspace\game\x64\debug\flac.dll
c:\users\bslim\documents\workspace\game\game\x64\debug\backgroud.obj
c:\users\bslim\documents\workspace\game\game\x64\debug\combo.obj
c:\users\bslim\documents\workspace\game\game\x64\debug\startscreen.obj
c:\users\bslim\documents\workspace\game\game\x64\debug\소스.obj
c:\users\bslim\documents\workspace\game\x64\debug\game.pdb
c:\users\bslim\documents\workspace\game\game\x64\debug\game.tlog\cl.command.1.tlog
c:\users\bslim\documents\workspace\game\game\x64\debug\game.tlog\cl.read.1.tlog
c:\users\bslim\documents\workspace\game\game\x64\debug\game.tlog\cl.write.1.tlog
c:\users\bslim\documents\workspace\game\game\x64\debug\game.tlog\game.write.1u.tlog
c:\users\bslim\documents\workspace\game\game\x64\debug\game.tlog\link.12600-cvtres.read.1.tlog
c:\users\bslim\documents\workspace\game\game\x64\debug\game.tlog\link.12600-cvtres.write.1.tlog
c:\users\bslim\documents\workspace\game\game\x64\debug\game.tlog\link.12600-rc.read.1.tlog
c:\users\bslim\documents\workspace\game\game\x64\debug\game.tlog\link.12600-rc.write.1.tlog
c:\users\bslim\documents\workspace\game\game\x64\debug\game.tlog\link.12600.read.1.tlog
c:\users\bslim\documents\workspace\game\game\x64\debug\game.tlog\link.12600.read.2.tlog
c:\users\bslim\documents\workspace\game\game\x64\debug\game.tlog\link.12600.write.1.tlog
c:\users\bslim\documents\workspace\game\game\x64\debug\game.tlog\link.command.1.tlog
c:\users\bslim\documents\workspace\game\game\x64\debug\game.tlog\link.read.1.tlog
c:\users\bslim\documents\workspace\game\game\x64\debug\game.tlog\link.write.1.tlog
