  game_functions.cpp
C:\Users\bslim\Documents\workspace\Game\Game\game_functions.cpp(36,25): warning C4244: '인수': 'int'에서 'float'(으)로 변환하면서 데이터가 손실될 수 있습니다.
C:\Users\bslim\Documents\workspace\Game\Game\game_functions.cpp(36,22): warning C4244: '인수': 'int'에서 'float'(으)로 변환하면서 데이터가 손실될 수 있습니다.
  MusicSelection.cpp
C:\Users\bslim\Documents\workspace\Game\Game\MusicSelection.cpp(64,110): warning C4267: '=': 'size_t'에서 'int'(으)로 변환하면서 데이터가 손실될 수 있습니다.
  RhythmGame.cpp
C:\Users\bslim\Documents\workspace\Game\Game\RhythmGame.cpp(76,56): warning C4244: '인수': 'T'에서 'T'(으)로 변환하면서 데이터가 손실될 수 있습니다.
          with
          [
              T=unsigned int
          ]
          and
          [
              T=float
          ]
C:\Users\bslim\Documents\workspace\Game\Game\RhythmGame.cpp(78,53): warning C4244: '인수': 'T'에서 'float'(으)로 변환하면서 데이터가 손실될 수 있습니다.
          with
          [
              T=unsigned int
          ]
  StartScreen.cpp
  코드를 생성하고 있습니다...
  Game.vcxproj -> C:\Users\bslim\Documents\workspace\Game\x64\Debug\Game.exe
